unityLibrary/build/intermediates/manifest_merge_blame_file/release/manifest-merger-blame-release-report.txt
1<?xml version="1.0" encoding="utf-8"?>
2<manifest xmlns:android="http://schemas.android.com/apk/res/android"
3    xmlns:tools="http://schemas.android.com/tools"
4    package="com.unity3d.player"
5    android:versionCode="1"
6    android:versionName="0.1" >
7
8    <uses-sdk
9        android:minSdkVersion="19"
9-->src\main\AndroidManifest.xml
10        android:targetSdkVersion="28" />
10-->src\main\AndroidManifest.xml
11
12    <uses-permission android:name="android.permission.INTERNET" />
12-->src\main\AndroidManifest.xml:6:5-67
12-->src\main\AndroidManifest.xml:6:22-64
13
14    <uses-feature android:glEsVersion="0x00020000" />
14-->src\main\AndroidManifest.xml:8:5-54
14-->src\main\AndroidManifest.xml:8:19-51
15    <uses-feature
15-->src\main\AndroidManifest.xml:9:5-11:36
16        android:name="android.hardware.touchscreen"
16-->src\main\AndroidManifest.xml:10:9-52
17        android:required="false" />
17-->src\main\AndroidManifest.xml:11:9-33
18    <uses-feature
18-->src\main\AndroidManifest.xml:12:5-14:36
19        android:name="android.hardware.touchscreen.multitouch"
19-->src\main\AndroidManifest.xml:13:9-63
20        android:required="false" />
20-->src\main\AndroidManifest.xml:14:9-33
21    <uses-feature
21-->src\main\AndroidManifest.xml:15:5-17:36
22        android:name="android.hardware.touchscreen.multitouch.distinct"
22-->src\main\AndroidManifest.xml:16:9-72
23        android:required="false" />
23-->src\main\AndroidManifest.xml:17:9-33
24
25    <application>
25-->src\main\AndroidManifest.xml:19:5-109:19
26        <activity
26-->src\main\AndroidManifest.xml:20:9-22:20
27            android:name="com.unity3d.player.BackActivity"
27-->src\main\AndroidManifest.xml:20:19-47
28            android:theme="@style/Theme.AppCompat.Light.NoActionBar" >
28-->src\main\AndroidManifest.xml:21:13-69
29        </activity>
30        <activity
30-->src\main\AndroidManifest.xml:23:9-37:20
31            android:name="com.unity3d.player.SecondUnityPlayerActivity"
31-->src\main\AndroidManifest.xml:24:13-54
32            android:configChanges="mcc|mnc|locale|touchscreen|keyboard|keyboardHidden|navigation|orientation|screenLayout|uiMode|screenSize|smallestScreenSize|fontScale|layoutDirection|density"
32-->src\main\AndroidManifest.xml:25:13-194
33            android:hardwareAccelerated="false"
33-->src\main\AndroidManifest.xml:26:13-48
34            android:launchMode="singleTask"
34-->src\main\AndroidManifest.xml:27:13-44
35            android:process=":unityplayer"
35-->src\main\AndroidManifest.xml:28:13-43
36            android:screenOrientation="fullSensor"
36-->src\main\AndroidManifest.xml:29:13-51
37            android:theme="@style/UnityThemeSelector" >
37-->src\main\AndroidManifest.xml:30:13-54
38            <meta-data
38-->src\main\AndroidManifest.xml:31:13-33:40
39                android:name="unityplayer.UnityActivity"
39-->src\main\AndroidManifest.xml:32:17-57
40                android:value="true" />
40-->src\main\AndroidManifest.xml:33:17-37
41            <meta-data
41-->src\main\AndroidManifest.xml:34:13-36:40
42                android:name="android.notch_support"
42-->src\main\AndroidManifest.xml:35:17-53
43                android:value="true" />
43-->src\main\AndroidManifest.xml:36:17-37
44        </activity>
45        <activity
45-->src\main\AndroidManifest.xml:38:9-52:20
46            android:name="com.unity3d.player.ThirdUnityPlayerActivity"
46-->src\main\AndroidManifest.xml:39:13-53
47            android:configChanges="mcc|mnc|locale|touchscreen|keyboard|keyboardHidden|navigation|orientation|screenLayout|uiMode|screenSize|smallestScreenSize|fontScale|layoutDirection|density"
47-->src\main\AndroidManifest.xml:40:13-194
48            android:hardwareAccelerated="false"
48-->src\main\AndroidManifest.xml:41:13-48
49            android:launchMode="singleTask"
49-->src\main\AndroidManifest.xml:42:13-44
50            android:process=":unityplayer"
50-->src\main\AndroidManifest.xml:43:13-43
51            android:screenOrientation="fullSensor"
51-->src\main\AndroidManifest.xml:44:13-51
52            android:theme="@style/UnityThemeSelector" >
52-->src\main\AndroidManifest.xml:45:13-54
53            <meta-data
53-->src\main\AndroidManifest.xml:31:13-33:40
54                android:name="unityplayer.UnityActivity"
54-->src\main\AndroidManifest.xml:32:17-57
55                android:value="true" />
55-->src\main\AndroidManifest.xml:33:17-37
56            <meta-data
56-->src\main\AndroidManifest.xml:34:13-36:40
57                android:name="android.notch_support"
57-->src\main\AndroidManifest.xml:35:17-53
58                android:value="true" />
58-->src\main\AndroidManifest.xml:36:17-37
59        </activity>
60        <activity
60-->src\main\AndroidManifest.xml:53:9-55:59
61            android:name="com.unity3d.player.PopupActivity"
61-->src\main\AndroidManifest.xml:54:13-42
62            android:theme="@android:style/Theme.Dialog" />
62-->src\main\AndroidManifest.xml:55:13-56
63        <activity
63-->src\main\AndroidManifest.xml:56:9-58:59
64            android:name="com.unity3d.player.ReviewActivity"
64-->src\main\AndroidManifest.xml:57:13-43
65            android:theme="@android:style/Theme.Dialog" />
65-->src\main\AndroidManifest.xml:58:13-56
66        <activity
66-->src\main\AndroidManifest.xml:59:9-73:20
67            android:name="com.unity3d.player.UnityPlayerActivity"
67-->src\main\AndroidManifest.xml:60:13-48
68            android:configChanges="mcc|mnc|locale|touchscreen|keyboard|keyboardHidden|navigation|orientation|screenLayout|uiMode|screenSize|smallestScreenSize|fontScale|layoutDirection|density"
68-->src\main\AndroidManifest.xml:61:13-194
69            android:hardwareAccelerated="false"
69-->src\main\AndroidManifest.xml:62:13-48
70            android:launchMode="singleTask"
70-->src\main\AndroidManifest.xml:63:13-44
71            android:process=":unityplayer"
71-->src\main\AndroidManifest.xml:64:13-43
72            android:screenOrientation="fullSensor"
72-->src\main\AndroidManifest.xml:65:13-51
73            android:theme="@style/UnityThemeSelector" >
73-->src\main\AndroidManifest.xml:66:13-54
74            <meta-data
74-->src\main\AndroidManifest.xml:31:13-33:40
75                android:name="unityplayer.UnityActivity"
75-->src\main\AndroidManifest.xml:32:17-57
76                android:value="true" />
76-->src\main\AndroidManifest.xml:33:17-37
77            <meta-data
77-->src\main\AndroidManifest.xml:34:13-36:40
78                android:name="android.notch_support"
78-->src\main\AndroidManifest.xml:35:17-53
79                android:value="true" />
79-->src\main\AndroidManifest.xml:36:17-37
80        </activity>
81        <activity
81-->src\main\AndroidManifest.xml:74:9-89:20
82            android:name="com.unity3d.player.Ai_Frame_Main"
82-->src\main\AndroidManifest.xml:75:13-42
83            android:configChanges="mcc|mnc|locale|touchscreen|keyboard|keyboardHidden|navigation|orientation|screenLayout|uiMode|screenSize|smallestScreenSize|fontScale|layoutDirection|density"
83-->src\main\AndroidManifest.xml:76:13-194
84            android:hardwareAccelerated="false"
84-->src\main\AndroidManifest.xml:77:13-48
85            android:launchMode="singleTask"
85-->src\main\AndroidManifest.xml:78:13-44
86            android:process=":unityplayer"
86-->src\main\AndroidManifest.xml:79:13-43
87            android:screenOrientation="fullSensor"
87-->src\main\AndroidManifest.xml:80:13-51
88            android:theme="@style/UnityThemeSelector" >
88-->src\main\AndroidManifest.xml:81:13-54
89            <meta-data
89-->src\main\AndroidManifest.xml:31:13-33:40
90                android:name="unityplayer.UnityActivity"
90-->src\main\AndroidManifest.xml:32:17-57
91                android:value="true" />
91-->src\main\AndroidManifest.xml:33:17-37
92            <meta-data
92-->src\main\AndroidManifest.xml:34:13-36:40
93                android:name="android.notch_support"
93-->src\main\AndroidManifest.xml:35:17-53
94                android:value="true" />
94-->src\main\AndroidManifest.xml:36:17-37
95        </activity>
96
97        <meta-data
97-->src\main\AndroidManifest.xml:31:13-33:40
98            android:name="unityplayer.UnityActivity"
98-->src\main\AndroidManifest.xml:32:17-57
99            android:value="true" />
99-->src\main\AndroidManifest.xml:33:17-37
100        <meta-data
100-->src\main\AndroidManifest.xml:94:9-96:37
101            android:name="unityplayer.ForwardNativeEventsToDalvik"
101-->src\main\AndroidManifest.xml:95:13-67
102            android:value="false" />
102-->src\main\AndroidManifest.xml:96:13-34
103        <meta-data
103-->src\main\AndroidManifest.xml:97:9-99:33
104            android:name="unity.splash-mode"
104-->src\main\AndroidManifest.xml:98:13-45
105            android:value="0" />
105-->src\main\AndroidManifest.xml:99:13-30
106        <meta-data
106-->src\main\AndroidManifest.xml:100:9-102:36
107            android:name="unity.splash-enable"
107-->src\main\AndroidManifest.xml:101:13-47
108            android:value="True" />
108-->src\main\AndroidManifest.xml:102:13-33
109        <meta-data
109-->src\main\AndroidManifest.xml:103:9-105:50
110            android:name="notch.config"
110-->src\main\AndroidManifest.xml:104:13-40
111            android:value="portrait|landscape" />
111-->src\main\AndroidManifest.xml:105:13-47
112        <meta-data
112-->src\main\AndroidManifest.xml:106:9-108:68
113            android:name="unity.build-id"
113-->src\main\AndroidManifest.xml:107:13-42
114            android:value="729a9ee3-18f0-47f2-b308-1324a9dcf72c" />
114-->src\main\AndroidManifest.xml:108:13-65
115    </application>
116
117</manifest>